<?xml version="1.0" encoding="UTF-8"?>
<testsuite xmlns:xsi="http://www.w3.org/2001/XMLSchema-instance" xsi:noNamespaceSchemaLocation="https://maven.apache.org/surefire/maven-surefire-plugin/xsd/surefire-test-report-3.0.xsd" version="3.0" name="com.tapia.lab1.repository.PedidoRepositoryTest" time="3.314" tests="1" errors="0" skipped="0" failures="0">
  <properties>
[...]
</properties>
  <testcase name="should_find_pedidos_by_estado" classname="com.tapia.lab1.repository.PedidoRepositoryTest" time="0.301">
    <system-out><![CDATA[2026-07-16T14:18:27.283-05:00  INFO 24228 --- [3p-lab1-tapia] [           main] t.c.s.AnnotationConfigContextLoaderUtils : Could not detect default configuration classes for test class [com.tapia.lab1.repository.PedidoRepositoryTest]: PedidoRepositoryTest does not declare any static, non-private, non-final, nested classes annotated with @Configuration.
2026-07-16T14:18:27.332-05:00  INFO 24228 --- [3p-lab1-tapia] [           main] .b.t.c.SpringBootTestContextBootstrapper : Found @SpringBootConfiguration com.tapia.lab1.Lab1TapiaApplication for test class com.tapia.lab1.repository.PedidoRepositoryTest

  .   ____          _            __ _ _
 /\\ / ___'_ __ _ _(_)_ __  __ _ \ \ \ \
( ( )\___ | '_ | '_| | '_ \/ _` | \ \ \ \
 \\/  ___)| |_)| | | | | || (_| |  ) ) ) )
  '  |____| .__|_| |_|_| |_\__, | / / / /
 =========|_|==============|___/=/_/_/_/

 :: Spring Boot ::                (v3.3.5)

2026-07-16T14:18:27.393-05:00  INFO 24228 --- [3p-lab1-tapia] [           main] c.t.l.repository.PedidoRepositoryTest    : Starting PedidoRepositoryTest using Java 17.0.19 with PID 24228 (started by Usuario in C:\Users\Usuario\Desktop\septimo\Avanzada\3PLab2_Tapia)
2026-07-16T14:18:27.394-05:00  INFO 24228 --- [3p-lab1-tapia] [           main] c.t.l.repository.PedidoRepositoryTest    : No active profile set, falling back to 1 default profile: "default"
2026-07-16T14:18:27.721-05:00  INFO 24228 --- [3p-lab1-tapia] [           main] .s.d.r.c.RepositoryConfigurationDelegate : Bootstrapping Spring Data JPA repositories in DEFAULT mode.
2026-07-16T14:18:27.795-05:00  INFO 24228 --- [3p-lab1-tapia] [           main] .s.d.r.c.RepositoryConfigurationDelegate : Finished Spring Data repository scanning in 63 ms. Found 1 JPA repository interface.
2026-07-16T14:18:27.881-05:00  INFO 24228 --- [3p-lab1-tapia] [           main] beddedDataSourceBeanFactoryPostProcessor : Replacing 'dataSource' DataSource bean with embedded version
2026-07-16T14:18:27.981-05:00  INFO 24228 --- [3p-lab1-tapia] [           main] o.s.j.d.e.EmbeddedDatabaseFactory        : Starting embedded database: url='jdbc:h2:mem:9d0f1866-44f7-4770-a1eb-c3ca9a850a99;DB_CLOSE_DELAY=-1;DB_CLOSE_ON_EXIT=false', username='sa'
2026-07-16T14:18:28.318-05:00  INFO 24228 --- [3p-lab1-tapia] [           main] o.hibernate.jpa.internal.util.LogHelper  : HHH000204: Processing PersistenceUnitInfo [name: default]
2026-07-16T14:18:28.447-05:00  INFO 24228 --- [3p-lab1-tapia] [           main] org.hibernate.Version                    : HHH000412: Hibernate ORM core version 6.5.3.Final
2026-07-16T14:18:28.518-05:00  INFO 24228 --- [3p-lab1-tapia] [           main] o.h.c.internal.RegionFactoryInitiator    : HHH000026: Second-level cache disabled
2026-07-16T14:18:28.718-05:00  INFO 24228 --- [3p-lab1-tapia] [           main] o.s.o.j.p.SpringPersistenceUnitInfo      : No LoadTimeWeaver setup: ignoring JPA class transformer
2026-07-16T14:18:29.754-05:00  INFO 24228 --- [3p-lab1-tapia] [           main] o.h.e.t.j.p.i.JtaPlatformInitiator       : HHH000489: No JTA platform available (set 'hibernate.transaction.jta.platform' to enable JTA platform integration)
Hibernate: create table pedido (id bigint generated by default as identity, cliente varchar(255), estado varchar(255), total float(53), primary key (id))
2026-07-16T14:18:29.818-05:00  INFO 24228 --- [3p-lab1-tapia] [           main] j.LocalContainerEntityManagerFactoryBean : Initialized JPA EntityManagerFactory for persistence unit 'default'
2026-07-16T14:18:30.279-05:00  INFO 24228 --- [3p-lab1-tapia] [           main] c.t.l.repository.PedidoRepositoryTest    : Started PedidoRepositoryTest in 2.943 seconds (process running for 7.794)
Hibernate: insert into pedido (cliente,estado,total,id) values (?,?,?,default)
Hibernate: insert into pedido (cliente,estado,total,id) values (?,?,?,default)
Hibernate: insert into pedido (cliente,estado,total,id) values (?,?,?,default)
Hibernate: select p1_0.id,p1_0.cliente,p1_0.estado,p1_0.total from pedido p1_0 where p1_0.estado=?
]]></system-out>
  </testcase>
</testsuite>